[{"line":1,"uri":"file:src/test/Resources/Features/SearchForAnEmployee.feature","id":"search-for-an-employee-in-the-hrms-application","keyword":"Feature","name":"Search for an Employee in the HRMS Application","description":"","elements":[{"start_timestamp":"2026-01-17T18:43:12.746Z","line":3,"id":"search-for-an-employee-in-the-hrms-application;search-for-employees-by-their-name-or-employee-id-","type":"scenario","keyword":"Scenario","name":"search for employees by their name or employee ID,","description":"So that I can quickly locate and access their records in the HRMS system","steps":[{"keyword":"Given ","line":5,"match":{"location":"Steps.SearchForAnEmployee.user_is_an_admin_user()"},"name":"user is an admin user","result":{"duration":10368147500,"status":"passed"}},{"keyword":"Then ","line":6,"match":{"location":"Steps.SearchForAnEmployee.user_can_search_employee_by_full_name_and_verify_results()"},"name":"user is able to search for employee using full name and the search should return all matching employee records","result":{"duration":3236339100,"status":"passed"}},{"keyword":"And ","line":7,"match":{"location":"Steps.SearchForAnEmployee.also_the_search_functionality_should_be_capable_of_handling_partial_name_matches_and_variations_in_capitalization()"},"name":"also the search functionality should be capable of handling partial name matches and variations in capitalization","result":{"duration":3071149400,"status":"passed"}},{"keyword":"Then ","line":8,"match":{"location":"Steps.SearchForAnEmployee.the_admin_user_should_be_able_search_for_an_employee_using_their_unique_employee_id_as_the_search_criteria()"},"name":"the admin user should be able search for an employee  using their unique employee id as the search criteria","result":{"duration":33273278900,"status":"failed","error_message":"org.openqa.selenium.TimeoutException: Expected condition failed: waiting for element to be clickable: Proxy element for: DefaultElementLocator 'By.xpath: //div[@class='oxd-table-row oxd-table-row--with-border oxd-table-row--clickable']' (tried for 20 second(s) with 500 milliseconds interval)\r\n\tat org.openqa.selenium.support.ui.WebDriverWait.timeoutException(WebDriverWait.java:84)\r\n\tat org.openqa.selenium.support.ui.FluentWait.until(FluentWait.java:228)\r\n\tat Utils.CommonMethods.waitForElementToBeClickAble(CommonMethods.java:82)\r\n\tat Utils.CommonMethods.click(CommonMethods.java:86)\r\n\tat Steps.SearchForAnEmployee.the_admin_user_should_be_able_search_for_an_employee_using_their_unique_employee_id_as_the_search_criteria(SearchForAnEmployee.java:63)\r\n\tat âœ½.the admin user should be able search for an employee  using their unique employee id as the search criteria(file:///C:/Users/colin/OneDrive/Desktop/group1B24/src/test/Resources/Features/SearchForAnEmployee.feature:8)\r\nCaused by: org.openqa.selenium.NoSuchElementException: no such element: Unable to locate element: {\"method\":\"xpath\",\"selector\":\"//div[@class='oxd-table-row oxd-table-row--with-border oxd-table-row--clickable']\"}\n  (Session info: chrome=143.0.7499.193)\nFor documentation on this error, please visit: https://www.selenium.dev/documentation/webdriver/troubleshooting/errors#nosuchelementexception\nBuild info: version: '4.38.0', revision: '6b412e825c*'\nSystem info: os.name: 'Windows 11', os.arch: 'amd64', os.version: '10.0', java.version: '17.0.15'\nDriver info: org.openqa.selenium.chrome.ChromeDriver\nCommand: [debbd6b3f300a8871ce483dac862e280, findElement {value=//div[@class='oxd-table-row oxd-table-row--with-border oxd-table-row--clickable'], using=xpath}]\nCapabilities {acceptInsecureCerts: false, browserName: chrome, browserVersion: 143.0.7499.193, chrome: {chromedriverVersion: 143.0.7499.192 (be2c1f4fd45..., userDataDir: C:\\Users\\colin\\AppData\\Loca...}, fedcm:accounts: true, goog:chromeOptions: {debuggerAddress: localhost:62944}, goog:processID: 36464, networkConnectionEnabled: false, pageLoadStrategy: normal, platformName: windows, proxy: Proxy(), se:cdp: ws://localhost:62944/devtoo..., se:cdpVersion: 143.0.7499.193, setWindowRect: true, strictFileInteractability: false, timeouts: {implicit: 0, pageLoad: 300000, script: 30000}, unhandledPromptBehavior: dismiss and notify, webauthn:extension:credBlob: true, webauthn:extension:largeBlob: true, webauthn:extension:minPinLength: true, webauthn:extension:prf: true, webauthn:virtualAuthenticators: true}\nSession ID: debbd6b3f300a8871ce483dac862e280\r\n\tat java.base/jdk.internal.reflect.NativeConstructorAccessorImpl.newInstance0(Native Method)\r\n\tat java.base/jdk.internal.reflect.NativeConstructorAccessorImpl.newInstance(NativeConstructorAccessorImpl.java:77)\r\n\tat java.base/jdk.internal.reflect.DelegatingConstructorAccessorImpl.newInstance(DelegatingConstructorAccessorImpl.java:45)\r\n\tat java.base/java.lang.reflect.Constructor.newInstanceWithCaller(Constructor.java:500)\r\n\tat java.base/java.lang.reflect.Constructor.newInstance(Constructor.java:481)\r\n\tat org.openqa.selenium.remote.ErrorCodec.decode(ErrorCodec.java:167)\r\n\tat org.openqa.selenium.remote.codec.w3c.W3CHttpResponseCodec.decode(W3CHttpResponseCodec.java:138)\r\n\tat org.openqa.selenium.remote.codec.w3c.W3CHttpResponseCodec.decode(W3CHttpResponseCodec.java:50)\r\n\tat org.openqa.selenium.remote.HttpCommandExecutor.execute(HttpCommandExecutor.java:215)\r\n\tat org.openqa.selenium.remote.service.DriverCommandExecutor.invokeExecute(DriverCommandExecutor.java:216)\r\n\tat org.openqa.selenium.remote.service.DriverCommandExecutor.execute(DriverCommandExecutor.java:174)\r\n\tat org.openqa.selenium.remote.RemoteWebDriver.execute(RemoteWebDriver.java:557)\r\n\tat org.openqa.selenium.remote.ElementLocation$ElementFinder$2.findElement(ElementLocation.java:165)\r\n\tat org.openqa.selenium.remote.ElementLocation.findElement(ElementLocation.java:59)\r\n\tat org.openqa.selenium.remote.RemoteWebDriver.findElement(RemoteWebDriver.java:380)\r\n\tat org.openqa.selenium.remote.RemoteWebDriver.findElement(RemoteWebDriver.java:374)\r\n\tat org.openqa.selenium.support.pagefactory.DefaultElementLocator.findElement(DefaultElementLocator.java:68)\r\n\tat org.openqa.selenium.support.pagefactory.internal.LocatingElementHandler.invoke(LocatingElementHandler.java:38)\r\n\tat jdk.proxy2/jdk.proxy2.$Proxy18.isDisplayed(Unknown Source)\r\n\tat org.openqa.selenium.support.ui.ExpectedConditions.elementIfVisible(ExpectedConditions.java:308)\r\n\tat org.openqa.selenium.support.ui.ExpectedConditions$10.apply(ExpectedConditions.java:294)\r\n\tat org.openqa.selenium.support.ui.ExpectedConditions$10.apply(ExpectedConditions.java:291)\r\n\tat org.openqa.selenium.support.ui.ExpectedConditions$23.apply(ExpectedConditions.java:662)\r\n\tat org.openqa.selenium.support.ui.ExpectedConditions$23.apply(ExpectedConditions.java:658)\r\n\tat org.openqa.selenium.support.ui.FluentWait.until(FluentWait.java:203)\r\n\t... 4 more\r\n"}},{"keyword":"And ","line":9,"match":{"location":"Steps.SearchForAnEmployee.the_search_should_return_the_exact_employee_record_associated_with_the_provided_employee_id()"},"name":"the search should return the exact employee record associated with the provided employee ID","result":{"status":"skipped"}},{"keyword":"And ","line":10,"match":{"location":"Steps.SearchForAnEmployee.the_system_should_provide_a_message_if_no_matching_employee_records_are_found(java.lang.String)","arguments":[{"val":"\"no records found\"","offset":36}]},"name":"the system should provide a message \"no records found\" if no matching employee records are found","result":{"status":"skipped"}}],"tags":[{"name":"@Search"}]}],"tags":[]}]